<?xml version="1.0" encoding="utf-8"?><testsuites name="pytest tests"><testsuite name="pytest" errors="0" failures="0" skipped="0" tests="29" time="2.974" timestamp="2026-04-28T18:55:04.775475+00:00" hostname="agent-env-7ac8f69f-071b-44fc-b60c-e926dba98130"><testcase classname="backend.tests.backend_test.TestPublic" name="test_root" time="0.174" /><testcase classname="backend.tests.backend_test.TestPublic" name="test_list_tours_seeded" time="0.060" /><testcase classname="backend.tests.backend_test.TestPublic" name="test_featured_tours" time="0.058" /><testcase classname="backend.tests.backend_test.TestPublic" name="test_get_tour_by_slug" time="0.112" /><testcase classname="backend.tests.backend_test.TestPublic" name="test_get_tour_404" time="0.053" /><testcase classname="backend.tests.backend_test.TestPublic" name="test_public_reviews_only_approved" time="0.055" /><testcase classname="backend.tests.backend_test.TestAuth" name="test_login_success" time="0.282" /><testcase classname="backend.tests.backend_test.TestAuth" name="test_login_invalid" time="0.275" /><testcase classname="backend.tests.backend_test.TestAuth" name="test_me_requires_token" time="0.051" /><testcase classname="backend.tests.backend_test.TestAuth" name="test_me_with_token" time="0.332" /><testcase classname="backend.tests.backend_test.TestAuth" name="test_admin_routes_unauthenticated" time="0.253" /><testcase classname="backend.tests.backend_test.TestTourCRUD" name="test_create_tour" time="0.051" /><testcase classname="backend.tests.backend_test.TestTourCRUD" name="test_get_created_tour" time="0.055" /><testcase classname="backend.tests.backend_test.TestTourCRUD" name="test_update_tour" time="0.106" /><testcase classname="backend.tests.backend_test.TestTourCRUD" name="test_delete_tour" time="0.112" /><testcase classname="backend.tests.backend_test.TestReservations" name="test_create_reservation_public" time="0.057" /><testcase classname="backend.tests.backend_test.TestReservations" name="test_admin_list_reservations" time="0.060" /><testcase classname="backend.tests.backend_test.TestReservations" name="test_update_status" time="0.055" /><testcase classname="backend.tests.backend_test.TestReservations" name="test_delete_reservation" time="0.052" /><testcase classname="backend.tests.backend_test.TestReviews" name="test_create_review_pending" time="0.052" /><testcase classname="backend.tests.backend_test.TestReviews" name="test_review_not_in_public_until_approved" time="0.051" /><testcase classname="backend.tests.backend_test.TestReviews" name="test_admin_list_all_reviews" time="0.053" /><testcase classname="backend.tests.backend_test.TestReviews" name="test_approve_review" time="0.107" /><testcase classname="backend.tests.backend_test.TestReviews" name="test_delete_review" time="0.048" /><testcase classname="backend.tests.backend_test.TestContact" name="test_create_contact" time="0.051" /><testcase classname="backend.tests.backend_test.TestContact" name="test_admin_list_contact" time="0.047" /><testcase classname="backend.tests.backend_test.TestContact" name="test_mark_read" time="0.099" /><testcase classname="backend.tests.backend_test.TestContact" name="test_delete_contact" time="0.051" /><testcase classname="backend.tests.backend_test.TestStats" name="test_admin_stats" time="0.052" /></testsuite></testsuites>